{
  "issue": "#89 - Integration Testing & PyTestArch Validation - Zero Violations",
  "status": "REAL_CURRENT_STATE_ANALYSIS_COMPLETE",
  "analysis_date": "2025-08-27",
  "priority": "CRITICAL",
  "current_reality_check": {
    "architectural_tests": "1_WORKING_FILE + MULTIPLE_FAILING_FILES",
    "integration_tests": "ALL_FAILING - 100% failure rate",
    "performance_tests": "ALL_FAILING - 100% failure rate",
    "infrastructure": "MAJOR_PYTEST_CONFIG_ISSUES",
    "overall_completion": "20% (basic infrastructure exists but not functional)"
  },
  "exhaustive_todo_plan": {
    "PHASE_1_INFRASTRUCTURE_FIXES": {
      "description": "Fix fundamental test infrastructure problems blocking all tests",
      "priority": "CRITICAL_BLOCKER",
      "estimated_time": "2-3 hours",
      "tasks": [
        {
          "id": "1.1.1",
          "title": "Fix pytest configuration and unknown marks",
          "description": "Register custom pytest marks to eliminate warnings and allow proper test execution",
          "affected_files": ["pytest.ini"],
          "action": "Add marks: architecture, api, slow, performance, integration to pytest.ini",
          "acceptance_criteria": "No more 'Unknown pytest.mark.X' warnings",
          "status": "pending"
        },
        {
          "id": "1.1.2",
          "title": "Fix async decorator misuse across all test files",
          "description": "Remove @pytest.mark.asyncio from non-async functions causing pytest warnings",
          "affected_files": [
            "tests/integration/test_service_repository_integration.py",
            "tests/integration/test_api_repository_integration.py",
            "tests/performance/benchmark_repository_pattern.py"
          ],
          "action": "Remove incorrect async decorators from synchronous test functions",
          "acceptance_criteria": "No more asyncio decorator warnings",
          "status": "pending"
        },
        {
          "id": "1.1.3",
          "title": "Fix pydantic deprecation warnings",
          "description": "Update deprecated class-based config to ConfigDict in models and schemas",
          "affected_files": ["app/schemas/*.py", "app/models/*.py"],
          "action": "Replace class Config with model_config = ConfigDict()",
          "acceptance_criteria": "No more pydantic deprecation warnings",
          "status": "pending"
        },
        {
          "id": "1.1.4",
          "title": "Fix passlib deprecation warnings",
          "description": "Address passlib/argon2 compatibility warnings for Python 3.13",
          "affected_files": ["requirements.txt", "app/core/security.py"],
          "action": "Update passlib configuration to suppress deprecation warnings",
          "acceptance_criteria": "No more passlib warnings",
          "status": "pending"
        }
      ]
    },
    "PHASE_2_INTEGRATION_TEST_FIXES": {
      "description": "Fix all failing integration tests - UAT requirement critical",
      "priority": "CRITICAL",
      "estimated_time": "4-6 hours",
      "tasks": [
        {
          "id": "2.1.1",
          "title": "Debug and fix service repository integration test imports",
          "description": "Fix ImportErrors and fixture issues in test_service_repository_integration.py",
          "affected_files": ["tests/integration/test_service_repository_integration.py", "tests/conftest.py"],
          "current_status": "15 FAILED, 1 PASSED, 11 ERRORS",
          "action": "Debug imports, fix fixtures, ensure proper service/repository dependencies",
          "acceptance_criteria": "All service repository integration tests pass",
          "status": "pending"
        },
        {
          "id": "2.1.2",
          "title": "Fix user service repository integration tests",
          "description": "Fix all 6 failing UserServiceRepositoryIntegration tests",
          "affected_files": ["tests/integration/test_service_repository_integration.py"],
          "failing_tests": [
            "test_create_user_integration",
            "test_get_user_by_id_integration",
            "test_get_user_by_username_integration",
            "test_update_user_integration",
            "test_delete_user_integration",
            "test_duplicate_user_error_propagation"
          ],
          "action": "Debug database session issues, fix service instantiation, ensure proper mocking",
          "acceptance_criteria": "All user service integration tests pass",
          "status": "pending"
        },
        {
          "id": "2.1.3",
          "title": "Fix transaction boundary integration tests",
          "description": "Fix failing transaction rollback and commit tests",
          "affected_files": ["tests/integration/test_service_repository_integration.py"],
          "failing_tests": [
            "test_transaction_rollback_on_error",
            "test_transaction_commit_on_success"
          ],
          "action": "Fix database transaction handling, ensure proper async session management",
          "acceptance_criteria": "Transaction boundary tests pass",
          "status": "pending"
        },
        {
          "id": "2.1.4",
          "title": "Fix service repository performance integration tests",
          "description": "Fix bulk operations and concurrent user operations tests",
          "affected_files": ["tests/integration/test_service_repository_integration.py"],
          "failing_tests": [
            "test_bulk_user_creation_performance",
            "test_concurrent_user_operations_performance"
          ],
          "action": "Fix performance test setup, ensure proper resource cleanup, fix timing issues",
          "acceptance_criteria": "Performance integration tests pass",
          "status": "pending"
        },
        {
          "id": "2.1.5",
          "title": "Fix error propagation integration tests",
          "description": "Fix all error handling and propagation tests",
          "affected_files": ["tests/integration/test_service_repository_integration.py"],
          "failing_tests": [
            "test_repository_error_propagation",
            "test_validation_error_propagation",
            "test_not_found_error_handling",
            "test_duplicate_resource_error_propagation"
          ],
          "action": "Fix error handling mock setup, ensure proper exception propagation testing",
          "acceptance_criteria": "All error propagation tests pass",
          "status": "pending"
        },
        {
          "id": "2.1.6",
          "title": "Fix service repository coverage integration test",
          "description": "Fix comprehensive coverage validation test",
          "affected_files": ["tests/integration/test_service_repository_integration.py"],
          "failing_tests": ["test_all_service_repository_pairs_integration"],
          "action": "Ensure all service-repository pairs are properly tested and validated",
          "acceptance_criteria": "Coverage integration test passes",
          "status": "pending"
        },
        {
          "id": "2.1.7",
          "title": "Fix APIKey, Session, and Audit service integration test errors",
          "description": "Fix 11 ERROR tests for APIKey, Session, and Audit services",
          "affected_files": ["tests/integration/test_service_repository_integration.py"],
          "error_tests": [
            "TestAPIKeyServiceRepositoryIntegration (4 tests)",
            "TestSessionServiceRepositoryIntegration (4 tests)",
            "TestAuditServiceRepositoryIntegration (3 tests)"
          ],
          "action": "Debug import errors, fix service instantiation issues, resolve dependency problems",
          "acceptance_criteria": "All service integration tests execute without import errors",
          "status": "pending"
        }
      ]
    },
    "PHASE_3_API_INTEGRATION_TEST_FIXES": {
      "description": "Fix all failing API integration tests - UAT requirement critical",
      "priority": "CRITICAL",
      "estimated_time": "3-5 hours",
      "tasks": [
        {
          "id": "3.1.1",
          "title": "Debug and fix API repository integration test infrastructure",
          "description": "Fix foundational issues causing 21 ERRORs in API integration tests",
          "affected_files": ["tests/integration/test_api_repository_integration.py", "tests/conftest.py"],
          "current_status": "7 FAILED, 21 ERRORS",
          "action": "Debug API test client setup, fix imports, ensure proper FastAPI test configuration",
          "acceptance_criteria": "API integration tests run without import/setup errors",
          "status": "pending"
        },
        {
          "id": "3.1.2",
          "title": "Fix User API repository integration tests",
          "description": "Fix failing user API endpoint integration tests",
          "affected_files": ["tests/integration/test_api_repository_integration.py"],
          "failing_tests": ["test_user_api_authentication_required"],
          "error_tests": [
            "test_create_user_api_integration",
            "test_get_user_by_id_api_integration",
            "test_update_user_api_integration",
            "test_delete_user_api_integration",
            "test_list_users_api_integration",
            "test_user_api_duplicate_username_error",
            "test_user_api_not_found_error"
          ],
          "action": "Fix API authentication, ensure proper endpoint routing, fix database integration",
          "acceptance_criteria": "All user API integration tests pass",
          "status": "pending"
        },
        {
          "id": "3.1.3",
          "title": "Fix Auth API repository integration tests",
          "description": "Fix authentication and authorization API integration tests",
          "affected_files": ["tests/integration/test_api_repository_integration.py"],
          "failing_tests": [
            "test_user_registration_integration",
            "test_user_login_integration"
          ],
          "error_tests": [
            "test_token_refresh_integration",
            "test_get_current_user_integration"
          ],
          "action": "Fix authentication flow, ensure proper JWT handling, fix user registration/login",
          "acceptance_criteria": "All auth API integration tests pass",
          "status": "pending"
        },
        {
          "id": "3.1.4",
          "title": "Fix APIKey API repository integration tests",
          "description": "Fix API key management integration tests",
          "affected_files": ["tests/integration/test_api_repository_integration.py"],
          "error_tests": [
            "test_create_api_key_integration",
            "test_list_api_keys_integration",
            "test_revoke_api_key_integration",
            "test_api_key_authentication_usage"
          ],
          "action": "Fix API key service integration, ensure proper CRUD operations",
          "acceptance_criteria": "All API key integration tests pass",
          "status": "pending"
        },
        {
          "id": "3.1.5",
          "title": "Fix Health API repository integration tests",
          "description": "Fix health check endpoint integration tests",
          "affected_files": ["tests/integration/test_api_repository_integration.py"],
          "failing_tests": [
            "test_health_check_basic_integration",
            "test_health_check_detailed_integration",
            "test_readiness_check_integration"
          ],
          "action": "Fix health endpoint routing, ensure proper service dependencies",
          "acceptance_criteria": "All health API integration tests pass",
          "status": "pending"
        },
        {
          "id": "3.1.6",
          "title": "Fix API performance integration tests",
          "description": "Fix API performance and load testing integration tests",
          "affected_files": ["tests/integration/test_api_repository_integration.py"],
          "error_tests": [
            "test_api_endpoint_response_times",
            "test_concurrent_api_requests"
          ],
          "action": "Fix performance testing setup, ensure proper load testing infrastructure",
          "acceptance_criteria": "API performance integration tests pass",
          "status": "pending"
        },
        {
          "id": "3.1.7",
          "title": "Fix API error handling integration tests",
          "description": "Fix comprehensive API error handling validation tests",
          "affected_files": ["tests/integration/test_api_repository_integration.py"],
          "failing_tests": ["test_api_authentication_errors"],
          "error_tests": [
            "test_api_validation_errors",
            "test_api_authorization_errors",
            "test_api_not_found_errors",
            "test_api_server_error_handling"
          ],
          "action": "Fix error response testing, ensure proper HTTP status codes and error messages",
          "acceptance_criteria": "All API error handling tests pass",
          "status": "pending"
        },
        {
          "id": "3.1.8",
          "title": "Fix API coverage integration tests",
          "description": "Fix comprehensive API coverage validation tests",
          "affected_files": ["tests/integration/test_api_repository_integration.py"],
          "error_tests": [
            "test_all_major_api_endpoints_integration",
            "test_issue_89_api_repository_requirements_met"
          ],
          "action": "Ensure all major API endpoints are covered and UAT requirements validated",
          "acceptance_criteria": "API coverage integration tests pass and validate Issue #89 UAT requirements",
          "status": "pending"
        }
      ]
    },
    "PHASE_4_PERFORMANCE_TEST_FIXES": {
      "description": "Fix all failing performance benchmarks - UAT <5% requirement critical",
      "priority": "CRITICAL",
      "estimated_time": "2-4 hours",
      "tasks": [
        {
          "id": "4.1.1",
          "title": "Debug and fix performance test infrastructure",
          "description": "Fix foundational issues causing all performance benchmarks to fail",
          "affected_files": ["tests/performance/benchmark_repository_pattern.py", "tests/conftest.py"],
          "current_status": "4 FAILED, 4 ERRORS (100% failure)",
          "action": "Debug performance test setup, fix imports, ensure proper benchmark infrastructure",
          "acceptance_criteria": "Performance tests execute without import/setup errors",
          "status": "pending"
        },
        {
          "id": "4.1.2",
          "title": "Fix user service CRUD performance benchmark",
          "description": "Fix core CRUD operations performance testing",
          "affected_files": ["tests/performance/benchmark_repository_pattern.py"],
          "failing_tests": ["test_user_service_crud_performance"],
          "action": "Fix user service performance testing, ensure proper timing measurement",
          "acceptance_criteria": "User service CRUD benchmark passes and measures <5% impact",
          "status": "pending"
        },
        {
          "id": "4.1.3",
          "title": "Fix concurrent user operations performance benchmark",
          "description": "Fix concurrent operations performance testing",
          "affected_files": ["tests/performance/benchmark_repository_pattern.py"],
          "failing_tests": ["test_concurrent_user_operations_performance"],
          "action": "Fix concurrent testing setup, ensure proper thread/async handling",
          "acceptance_criteria": "Concurrent operations benchmark passes",
          "status": "pending"
        },
        {
          "id": "4.1.4",
          "title": "Fix memory usage benchmark",
          "description": "Fix memory usage monitoring and testing",
          "affected_files": ["tests/performance/benchmark_repository_pattern.py"],
          "failing_tests": ["test_memory_usage_benchmark"],
          "action": "Fix memory monitoring setup, ensure proper resource tracking",
          "acceptance_criteria": "Memory usage benchmark passes",
          "status": "pending"
        },
        {
          "id": "4.1.5",
          "title": "Fix database connection efficiency benchmark",
          "description": "Fix database connection performance testing",
          "affected_files": ["tests/performance/benchmark_repository_pattern.py"],
          "failing_tests": ["test_database_connection_efficiency"],
          "action": "Fix database connection testing, ensure proper connection pool monitoring",
          "acceptance_criteria": "Database connection efficiency benchmark passes",
          "status": "pending"
        },
        {
          "id": "4.1.6",
          "title": "Fix API endpoint performance benchmark",
          "description": "Fix API endpoint performance testing with repository pattern",
          "affected_files": ["tests/performance/benchmark_repository_pattern.py"],
          "error_tests": ["test_api_endpoint_performance_benchmark"],
          "action": "Fix API performance testing infrastructure, ensure proper HTTP client setup",
          "acceptance_criteria": "API endpoint performance benchmark passes",
          "status": "pending"
        },
        {
          "id": "4.1.7",
          "title": "Fix performance regression tests",
          "description": "Fix performance regression detection and validation tests",
          "affected_files": ["tests/performance/benchmark_repository_pattern.py"],
          "error_tests": [
            "test_repository_pattern_performance_impact",
            "test_repository_pattern_scalability"
          ],
          "action": "Fix regression testing logic, ensure baseline comparison works",
          "acceptance_criteria": "Performance regression tests pass",
          "status": "pending"
        },
        {
          "id": "4.1.8",
          "title": "Fix Issue #89 performance requirements validation",
          "description": "Fix UAT performance requirements validation test",
          "affected_files": ["tests/performance/benchmark_repository_pattern.py"],
          "error_tests": ["test_issue_89_performance_requirements_met"],
          "action": "Ensure UAT <5% performance impact requirement is properly validated",
          "acceptance_criteria": "Issue #89 performance UAT validation passes with <5% confirmed",
          "status": "pending"
        }
      ]
    },
    "PHASE_5_ARCHITECTURAL_TEST_FIXES": {
      "description": "Fix failing architectural tests beyond the working simple pattern test",
      "priority": "HIGH",
      "estimated_time": "2-3 hours",
      "tasks": [
        {
          "id": "5.1.1",
          "title": "Fix clean architecture rules test failures",
          "description": "Fix multiple failures in comprehensive clean architecture validation",
          "affected_files": ["tests/architecture/test_clean_architecture_rules.py"],
          "action": "Debug and fix clean architecture rule violations",
          "acceptance_criteria": "Clean architecture rules tests pass",
          "status": "pending"
        },
        {
          "id": "5.1.2",
          "title": "Fix ADR-012 compliance test failures",
          "description": "Fix architectural decision record compliance violations",
          "affected_files": ["tests/architecture/test_adr_012_compliance.py"],
          "action": "Debug and fix ADR compliance issues",
          "acceptance_criteria": "ADR-012 compliance tests pass",
          "status": "pending"
        },
        {
          "id": "5.1.3",
          "title": "Fix dependency compliance test failures",
          "description": "Fix dependency direction and coupling violations",
          "affected_files": ["tests/architecture/test_dependency_compliance.py"],
          "action": "Debug and fix dependency compliance issues",
          "acceptance_criteria": "Dependency compliance tests pass",
          "status": "pending"
        },
        {
          "id": "5.1.4",
          "title": "Fix layer boundaries test failures",
          "description": "Fix layer separation and boundaries violations",
          "affected_files": ["tests/architecture/test_layer_boundaries.py"],
          "action": "Debug and fix layer boundaries violations",
          "acceptance_criteria": "Layer boundaries tests pass",
          "status": "pending"
        }
      ]
    },
    "PHASE_6_UAT_VALIDATION": {
      "description": "Final UAT requirements validation for Issue #89",
      "priority": "CRITICAL",
      "estimated_time": "1-2 hours",
      "tasks": [
        {
          "id": "6.1.1",
          "title": "Validate PyTestArch reports 0 violations",
          "description": "Ensure all architectural compliance tests pass with 0 violations",
          "commands": ["python3 -m pytest tests/architecture/ -v"],
          "acceptance_criteria": "All architectural tests pass, 0 violations reported",
          "status": "pending"
        },
        {
          "id": "6.1.2",
          "title": "Validate integration tests achieve >95% coverage",
          "description": "Ensure integration test coverage meets UAT requirement",
          "commands": ["python3 -m pytest tests/integration/ --cov=app --cov-report=term-missing"],
          "acceptance_criteria": ">95% integration test coverage achieved",
          "status": "pending"
        },
        {
          "id": "6.1.3",
          "title": "Validate API integration tests pass with repository pattern",
          "description": "Ensure all API endpoints work end-to-end with repository pattern",
          "commands": ["python3 -m pytest tests/integration/test_api_repository_integration.py -v"],
          "acceptance_criteria": "All API integration tests pass",
          "status": "pending"
        },
        {
          "id": "6.1.4",
          "title": "Validate performance benchmarks show <5% latency increase",
          "description": "Confirm UAT performance requirement is met",
          "commands": ["python3 -m pytest tests/performance/benchmark_repository_pattern.py -v"],
          "acceptance_criteria": "Performance impact validated as <5%",
          "status": "pending"
        },
        {
          "id": "6.1.5",
          "title": "Validate architectural compliance tests pass in CI/CD pipeline",
          "description": "Ensure CI/CD integration works with all tests passing",
          "commands": ["gh workflow run architectural-tests.yml"],
          "acceptance_criteria": "CI/CD architectural compliance pipeline passes",
          "status": "pending"
        }
      ]
    },
    "PHASE_7_FINAL_COMPLETION": {
      "description": "Final documentation and issue closure",
      "priority": "MEDIUM",
      "estimated_time": "30 minutes",
      "tasks": [
        {
          "id": "7.1.1",
          "title": "Generate final comprehensive compliance report",
          "description": "Create complete UAT compliance documentation with evidence",
          "deliverables": ["Issue-89-Final-UAT-Compliance-Report.md"],
          "acceptance_criteria": "Complete compliance report with all UAT evidence",
          "status": "pending"
        },
        {
          "id": "7.1.2",
          "title": "Close Issue #89 with completion evidence",
          "description": "Close issue with comprehensive completion documentation",
          "commands": ["gh issue close 89 --comment 'All UAT requirements satisfied with evidence'"],
          "acceptance_criteria": "Issue #89 closed with complete documentation",
          "status": "pending"
        }
      ]
    }
  },
  "task_statistics": {
    "total_tasks": 44,
    "critical_priority": 32,
    "high_priority": 4,
    "medium_priority": 2,
    "phases": 7,
    "estimated_total_duration": "14-23 hours",
    "current_completion_percentage": "20%"
  },
  "uat_requirements_mapping": {
    "zero_direct_database_violations": ["PHASE_5", "PHASE_6.1.1"],
    "integration_tests_95_percent_coverage": ["PHASE_2", "PHASE_3", "PHASE_6.1.2"],
    "api_integration_tests_pass": ["PHASE_3", "PHASE_6.1.3"],
    "performance_less_than_5_percent": ["PHASE_4", "PHASE_6.1.4"],
    "architectural_compliance_ci_cd": ["PHASE_5", "PHASE_6.1.5"]
  },
  "critical_blockers_identified": [
    "Pytest configuration issues preventing proper test execution",
    "ALL integration tests failing (100% failure rate)",
    "ALL performance benchmarks failing (100% failure rate)",
    "Multiple architectural test files failing",
    "Async decorator misuse causing warnings and potential test failures",
    "Import/fixture errors preventing test execution",
    "Deprecated pydantic and passlib warnings indicating code quality issues"
  ],
  "phase_dependencies": {
    "PHASE_1": "MUST complete first - blocks all other test execution",
    "PHASE_2_3_4": "Can run in parallel after PHASE_1",
    "PHASE_5": "Can run in parallel with PHASE_2_3_4",
    "PHASE_6": "Depends on completion of PHASE_2_3_4_5",
    "PHASE_7": "Final phase, depends on all previous phases"
  },
  "risk_assessment": {
    "overall_risk": "HIGH",
    "time_risk": "HIGH - Estimated 14-23 hours of focused work",
    "complexity_risk": "HIGH - Multiple interconnected test failures",
    "infrastructure_risk": "CRITICAL - Fundamental pytest issues blocking progress",
    "mitigation_strategy": "Fix infrastructure issues first, then tackle tests systematically by phase"
  }
}
